
Structure    1

Folding bases      1 to     48 of 909 (+) RNA                                       
 Initial dG =    -20.00

          10        20    
UG   CU--|             CC 
  CGU    AAAACCGCUGGUUC  \
  GUA    UUUUGGCGAUCGAG  A
G-   UUCC^             AG 
        40        30      



Structure    2

Folding bases      1 to     48 of 909 (+) RNA                                       
 Initial dG =    -19.50

          10        20    
.-UGCGUCU              CC 
         AAAACCGCUGGUUC  \
         UUUUGGCGAUCGAG  A
\ -------              AG 
        40        30      


      
  | U 
  CC U
  GG A
  ^ U 
      


